<?xml version="1.0" encoding="UTF-8"?>
<!-- Generated by org.testng.reporters.JUnitXMLReporter -->
<testsuite ignored="1" hostname="DML-rbE9bu0vttI" failures="1" tests="3" name="Car loan" time="0.034" errors="0" timestamp="2024-10-10T16:01:57 IST">
  <testcase classname="testa.day3" name="WebTestA" time="0.005"/>
  <testcase classname="testa.day3" name="Ipadlogin" time="0.004">
    <failure type="java.lang.AssertionError" message="expected [true] but found [false]">
      <![CDATA[java.lang.AssertionError: expected [true] but found [false]
at testa.day3.Ipadlogin(day3.java:35)
at java.base/java.util.ArrayList.forEach(ArrayList.java:1597)
... Removed 29 stack frames]]>
    </failure>
  </testcase> <!-- Ipadlogin -->
  <testcase classname="testa.day3" name="MobileTestA" time="0.004"/>
  <testcase classname="testa.day3" name="MobileCarlogin" time="0.0">
    <ignored/>
  </testcase> <!-- MobileCarlogin -->
</testsuite> <!-- Car loan -->
