<?xml version="1.0" encoding="UTF-8"?>
<!-- Generated by org.testng.reporters.JUnitXMLReporter -->
<testsuite ignored="3" hostname="DML-rbE9bu0vttI" failures="0" tests="4" name="Home Loan" time="0.042" errors="0" timestamp="2024-10-10T16:01:57 IST">
  <testcase classname="testa.day4" name="APIHomelogin" time="0.001"/>
  <testcase classname="testa.day4" name="APIHomelogin" time="0.003"/>
  <testcase classname="testa.day4" name="APIHomelogin" time="0.001"/>
  <testcase classname="testa.day4" name="WebHomelogin" time="0.002"/>
  <testcase classname="testa.day4" name="MobilesPagelogin" time="0.0">
    <ignored/>
  </testcase> <!-- MobilesPagelogin -->
  <testcase classname="testa.day4" name="MobileHomelogin" time="0.0">
    <ignored/>
  </testcase> <!-- MobileHomelogin -->
  <testcase classname="testa.day4" name="MobileCartlogin" time="0.0">
    <ignored/>
  </testcase> <!-- MobileCartlogin -->
</testsuite> <!-- Home Loan -->
