<?xml version="1.0" encoding="UTF-8"?>
<!-- Generated by org.testng.reporters.JUnitXMLReporter -->
<testsuite ignored="0" hostname="DML-rbE9bu0vttI" failures="0" tests="8" name="Test" time="0.046" errors="0" timestamp="2024-10-10T06:26:56 IST">
  <testcase classname="testa.day3" name="APICarlogin" time="0.008"/>
  <testcase classname="testa.day3" name="MobileCarlogin" time="0.001"/>
  <testcase classname="testa.day3" name="WebCarlogin" time="0.001"/>
  <testcase classname="testa.day4" name="APIHomelogin" time="0.001"/>
  <testcase classname="testa.day4" name="MobileHomelogin" time="0.001"/>
  <testcase classname="testa.day4" name="WebHomelogin" time="0.0"/>
  <testcase classname="testa.day1" name="Demo" time="0.001"/>
  <testcase classname="testa.day2" name="Demo1" time="0.0"/>
</testsuite> <!-- Test -->
