<?xml version="1.0" encoding="UTF-8"?>
<!-- Generated by org.testng.reporters.JUnitXMLReporter -->
<testsuite ignored="6" hostname="DML-rbE9bu0vttI" failures="0" tests="4" name="Regression" time="0.069" errors="0" timestamp="2024-10-10T13:24:40 IST">
  <testcase classname="testa.day1" name="Demo" time="0.013"/>
  <testcase classname="testa.day2" name="Demo1" time="0.002"/>
  <testcase classname="testa.day3" name="MobileCarlogin" time="0.001"/>
  <testcase classname="testa.day4" name="MobileCartlogin" time="0.002"/>
  <testcase classname="testa.day4" name="WebHomelogin" time="0.0">
    <ignored/>
  </testcase> <!-- WebHomelogin -->
  <testcase classname="testa.day4" name="APIHomelogin" time="0.0">
    <ignored/>
  </testcase> <!-- APIHomelogin -->
  <testcase classname="testa.day4" name="MobilesPagelogin" time="0.0">
    <ignored/>
  </testcase> <!-- MobilesPagelogin -->
  <testcase classname="testa.day3" name="APICarlogin" time="0.0">
    <ignored/>
  </testcase> <!-- APICarlogin -->
  <testcase classname="testa.day4" name="MobileHomelogin" time="0.0">
    <ignored/>
  </testcase> <!-- MobileHomelogin -->
  <testcase classname="testa.day3" name="WebCarlogin" time="0.0">
    <ignored/>
  </testcase> <!-- WebCarlogin -->
</testsuite> <!-- Regression -->
