<?xml version="1.0" encoding="UTF-8"?>
<testng-results ignored="0" total="2" passed="2" failed="0" skipped="0">
  <reporter-output>
  </reporter-output>
  <suite started-at="2024-10-29T13:29:59 IST" name="Default suite" finished-at="2024-10-29T13:29:59 IST" duration-ms="40">
    <groups>
    </groups>
    <test started-at="2024-10-29T13:29:59 IST" name="Default test" finished-at="2024-10-29T13:29:59 IST" duration-ms="40">
      <class name="testa.day1">
        <test-method signature="Demo()[pri:0, instance:testa.day1@57d7f8ca]" started-at="2024-10-29T13:29:59 IST" name="Demo" finished-at="2024-10-29T13:29:59 IST" duration-ms="11" status="PASS">
          <reporter-output>
          </reporter-output>
        </test-method> <!-- Demo -->
        <test-method signature="SecondDemo()[pri:0, instance:testa.day1@57d7f8ca]" started-at="2024-10-29T13:29:59 IST" name="SecondDemo" finished-at="2024-10-29T13:29:59 IST" duration-ms="1" status="PASS">
          <reporter-output>
          </reporter-output>
        </test-method> <!-- SecondDemo -->
      </class> <!-- testa.day1 -->
    </test> <!-- Default test -->
  </suite> <!-- Default suite -->
</testng-results>
